# JRE version: OpenJDK Runtime Environment (21.0.3) (build 21.0.3+-12282718-b509.11)
# Java VM: OpenJDK 64-Bit Server VM (21.0.3+-12282718-b509.11, mixed mode, tiered, compressed oops, compressed class ptrs, g1 gc, windows-amd64)
GC Precious Log:
 CardTable entry size: 512
 Card Set container configuration: InlinePtr #cards 5 size 8 Array Of Cards #cards 12 size 40 Howl #buckets 4 coarsen threshold 1843 Howl Bitmap #cards 512 size 80 coarsen threshold 460 Card regions per heap region 1 cards per card region 2048
 CPUs: 3 total, 3 available
 Memory: 5163M
 Large Page Support: Disabled
 NUMA Support: Disabled
 Compressed Oops: Enabled (32-bit)
 Heap Region Size: 1M
 Heap Min Capacity: 8M
 Heap Initial Capacity: 82M
 Heap Max Capacity: 2G
 Pre-touch: Disabled
 Parallel Workers: 3
 Concurrent Workers: 1
 Concurrent Refinement Workers: 3
 Periodic GC: Disabled
Heap:
 garbage-first heap   total 446464K, used 189656K [0x0000000080000000, 0x0000000100000000)
  region size 1024K, 2 young (2048K), 2 survivors (2048K)
 Metaspace       used 155770K, committed 158976K, reserved 1245184K
  class space    used 19598K, committed 21184K, reserved 1048576K
GC Heap History (20 events):
Event: 1388.768 GC heap after
{Heap after GC invocations=68 (full 0):
 garbage-first heap   total 304128K, used 187005K [0x0000000080000000, 0x0000000100000000)
  region size 1024K, 5 young (5120K), 5 survivors (5120K)
 Metaspace       used 134029K, committed 136384K, reserved 1179648K
  class space    used 17708K, committed 18880K, reserved 1048576K
}
Event: 1440.491 GC heap before
{Heap before GC invocations=68 (full 0):
 garbage-first heap   total 304128K, used 230013K [0x0000000080000000, 0x0000000100000000)
  region size 1024K, 47 young (48128K), 5 survivors (5120K)
 Metaspace       used 139019K, committed 141376K, reserved 1179648K
  class space    used 18167K, committed 19328K, reserved 1048576K
}
Event: 1440.613 GC heap after
{Heap after GC invocations=69 (full 0):
 garbage-first heap   total 304128K, used 190194K [0x0000000080000000, 0x0000000100000000)
  region size 1024K, 4 young (4096K), 4 survivors (4096K)
 Metaspace       used 139019K, committed 141376K, reserved 1179648K
  class space    used 18167K, committed 19328K, reserved 1048576K
}
Event: 1445.835 GC heap before
{Heap before GC invocations=70 (full 0):
 garbage-first heap   total 352256K, used 234226K [0x0000000080000000, 0x0000000100000000)
  region size 1024K, 47 young (48128K), 4 survivors (4096K)
 Metaspace       used 145564K, committed 147904K, reserved 1179648K
  class space    used 18856K, committed 20032K, reserved 1048576K
}
Event: 1445.919 GC heap after
{Heap after GC invocations=71 (full 0):
 garbage-first heap   total 352256K, used 191807K [0x0000000080000000, 0x0000000100000000)
  region size 1024K, 5 young (5120K), 5 survivors (5120K)
 Metaspace       used 145564K, committed 147904K, reserved 1179648K
  class space    used 18856K, committed 20032K, reserved 1048576K
}
Event: 1448.967 GC heap before
{Heap before GC invocations=71 (full 0):
 garbage-first heap   total 352256K, used 204095K [0x0000000080000000, 0x0000000100000000)
  region size 1024K, 17 young (17408K), 5 survivors (5120K)
 Metaspace       used 147495K, committed 149888K, reserved 1179648K
  class space    used 19084K, committed 20288K, reserved 1048576K
}
Event: 1449.073 GC heap after
{Heap after GC invocations=72 (full 0):
 garbage-first heap   total 352256K, used 191474K [0x0000000080000000, 0x0000000100000000)
  region size 1024K, 2 young (2048K), 2 survivors (2048K)
 Metaspace       used 147495K, committed 149888K, reserved 1179648K
  class space    used 19084K, committed 20288K, reserved 1048576K
}
Event: 1452.547 GC heap before
{Heap before GC invocations=72 (full 0):
 garbage-first heap   total 352256K, used 205810K [0x0000000080000000, 0x0000000100000000)
  region size 1024K, 17 young (17408K), 2 survivors (2048K)
 Metaspace       used 150164K, committed 152512K, reserved 1245184K
  class space    used 19319K, committed 20480K, reserved 1048576K
}
Event: 1452.566 GC heap after
{Heap after GC invocations=73 (full 0):
 garbage-first heap   total 352256K, used 191472K [0x0000000080000000, 0x0000000100000000)
  region size 1024K, 1 young (1024K), 1 survivors (1024K)
 Metaspace       used 150164K, committed 152512K, reserved 1245184K
  class space    used 19319K, committed 20480K, reserved 1048576K
}
Event: 4305.337 GC heap before
{Heap before GC invocations=73 (full 0):
 garbage-first heap   total 352256K, used 248816K [0x0000000080000000, 0x0000000100000000)
  region size 1024K, 58 young (59392K), 1 survivors (1024K)
 Metaspace       used 153112K, committed 155520K, reserved 1245184K
  class space    used 19599K, committed 20864K, reserved 1048576K
}
Event: 4305.501 GC heap after
{Heap after GC invocations=74 (full 0):
 garbage-first heap   total 352256K, used 191694K [0x0000000080000000, 0x0000000100000000)
  region size 1024K, 2 young (2048K), 2 survivors (2048K)
 Metaspace       used 153112K, committed 155520K, reserved 1245184K
  class space    used 19599K, committed 20864K, reserved 1048576K
}
Event: 4442.275 GC heap before
{Heap before GC invocations=74 (full 0):
 garbage-first heap   total 352256K, used 228558K [0x0000000080000000, 0x0000000100000000)
  region size 1024K, 39 young (39936K), 2 survivors (2048K)
 Metaspace       used 154949K, committed 157376K, reserved 1245184K
  class space    used 19761K, committed 20992K, reserved 1048576K
}
Event: 4443.877 GC heap after
{Heap after GC invocations=75 (full 0):
 garbage-first heap   total 352256K, used 192101K [0x0000000080000000, 0x0000000100000000)
  region size 1024K, 2 young (2048K), 2 survivors (2048K)
 Metaspace       used 154949K, committed 157376K, reserved 1245184K
  class space    used 19761K, committed 20992K, reserved 1048576K
}
Event: 4470.292 GC heap before
{Heap before GC invocations=75 (full 0):
 garbage-first heap   total 352256K, used 207461K [0x0000000080000000, 0x0000000100000000)
  region size 1024K, 17 young (17408K), 2 survivors (2048K)
 Metaspace       used 156107K, committed 158528K, reserved 1245184K
  class space    used 19907K, committed 21120K, reserved 1048576K
}
Event: 4470.427 GC heap after
{Heap after GC invocations=76 (full 0):
 garbage-first heap   total 352256K, used 192330K [0x0000000080000000, 0x0000000100000000)
  region size 1024K, 2 young (2048K), 2 survivors (2048K)
 Metaspace       used 156107K, committed 158528K, reserved 1245184K
  class space    used 19907K, committed 21120K, reserved 1048576K
}
Event: 4478.225 GC heap before
{Heap before GC invocations=77 (full 0):
 garbage-first heap   total 352256K, used 205642K [0x0000000080000000, 0x0000000100000000)
  region size 1024K, 17 young (17408K), 2 survivors (2048K)
 Metaspace       used 153594K, committed 158912K, reserved 1245184K
  class space    used 19242K, committed 21184K, reserved 1048576K
}
Event: 4478.277 GC heap after
{Heap after GC invocations=78 (full 0):
 garbage-first heap   total 352256K, used 191839K [0x0000000080000000, 0x0000000100000000)
  region size 1024K, 2 young (2048K), 2 survivors (2048K)
 Metaspace       used 153594K, committed 158912K, reserved 1245184K
  class space    used 19242K, committed 21184K, reserved 1048576K
}
Event: 4483.929 GC heap before
{Heap before GC invocations=78 (full 0):
 garbage-first heap   total 352256K, used 207199K [0x0000000080000000, 0x0000000100000000)
  region size 1024K, 17 young (17408K), 2 survivors (2048K)
 Metaspace       used 154561K, committed 158976K, reserved 1245184K
  class space    used 19362K, committed 21184K, reserved 1048576K
}
Event: 4484.248 GC heap after
{Heap after GC invocations=79 (full 0):
 garbage-first heap   total 352256K, used 190560K [0x0000000080000000, 0x0000000100000000)
  region size 1024K, 3 young (3072K), 3 survivors (3072K)
 Metaspace       used 154561K, committed 158976K, reserved 1245184K
  class space    used 19362K, committed 21184K, reserved 1048576K
}
Event: 4491.474 GC heap before
{Heap before GC invocations=79 (full 0):
 garbage-first heap   total 352256K, used 203872K [0x0000000080000000, 0x0000000100000000)
  region size 1024K, 17 young (17408K), 3 survivors (3072K)
 Metaspace       used 155770K, committed 158976K, reserved 1245184K
  class space    used 19598K, committed 21184K, reserved 1048576K
}

