# JRE version: OpenJDK Runtime Environment (21.0.3) (build 21.0.3+-12282718-b509.11)
# Java VM: OpenJDK 64-Bit Server VM (21.0.3+-12282718-b509.11, mixed mode, tiered, compressed oops, compressed class ptrs, g1 gc, windows-amd64)
GC Precious Log:
 CardTable entry size: 512
 Card Set container configuration: InlinePtr #cards 5 size 8 Array Of Cards #cards 12 size 40 Howl #buckets 4 coarsen threshold 1843 Howl Bitmap #cards 512 size 80 coarsen threshold 460 Card regions per heap region 1 cards per card region 2048
 CPUs: 3 total, 3 available
 Memory: 5163M
 Large Page Support: Disabled
 NUMA Support: Disabled
 Compressed Oops: Enabled (32-bit)
 Heap Region Size: 1M
 Heap Min Capacity: 8M
 Heap Initial Capacity: 82M
 Heap Max Capacity: 2G
 Pre-touch: Disabled
 Parallel Workers: 3
 Concurrent Workers: 1
 Concurrent Refinement Workers: 3
 Periodic GC: Disabled
Heap:
 garbage-first heap   total 183296K, used 93762K [0x0000000080000000, 0x0000000100000000)
  region size 1024K, 1 young (1024K), 1 survivors (1024K)
 Metaspace       used 73089K, committed 74944K, reserved 1114112K
  class space    used 9962K, committed 10880K, reserved 1048576K
GC Heap History (20 events):
Event: 241.189 GC heap after
{Heap after GC invocations=36 (full 0):
 garbage-first heap   total 143360K, used 84581K [0x0000000080000000, 0x0000000100000000)
  region size 1024K, 5 young (5120K), 5 survivors (5120K)
 Metaspace       used 72860K, committed 74688K, reserved 1114112K
  class space    used 9961K, committed 10880K, reserved 1048576K
}
Event: 241.206 GC heap before
{Heap before GC invocations=36 (full 0):
 garbage-first heap   total 143360K, used 86629K [0x0000000080000000, 0x0000000100000000)
  region size 1024K, 7 young (7168K), 5 survivors (5120K)
 Metaspace       used 72860K, committed 74688K, reserved 1114112K
  class space    used 9961K, committed 10880K, reserved 1048576K
}
Event: 241.260 GC heap after
{Heap after GC invocations=37 (full 0):
 garbage-first heap   total 143360K, used 85030K [0x0000000080000000, 0x0000000100000000)
  region size 1024K, 1 young (1024K), 1 survivors (1024K)
 Metaspace       used 72860K, committed 74688K, reserved 1114112K
  class space    used 9961K, committed 10880K, reserved 1048576K
}
Event: 254.784 GC heap before
{Heap before GC invocations=38 (full 0):
 garbage-first heap   total 152576K, used 91174K [0x0000000080000000, 0x0000000100000000)
  region size 1024K, 7 young (7168K), 1 survivors (1024K)
 Metaspace       used 72910K, committed 74752K, reserved 1114112K
  class space    used 9961K, committed 10880K, reserved 1048576K
}
Event: 254.792 GC heap after
{Heap after GC invocations=39 (full 0):
 garbage-first heap   total 183296K, used 85410K [0x0000000080000000, 0x0000000100000000)
  region size 1024K, 1 young (1024K), 1 survivors (1024K)
 Metaspace       used 72910K, committed 74752K, reserved 1114112K
  class space    used 9961K, committed 10880K, reserved 1048576K
}
Event: 261.869 GC heap before
{Heap before GC invocations=39 (full 0):
 garbage-first heap   total 183296K, used 155042K [0x0000000080000000, 0x0000000100000000)
  region size 1024K, 70 young (71680K), 1 survivors (1024K)
 Metaspace       used 73077K, committed 74880K, reserved 1114112K
  class space    used 9961K, committed 10880K, reserved 1048576K
}
Event: 261.907 GC heap after
{Heap after GC invocations=40 (full 0):
 garbage-first heap   total 183296K, used 88330K [0x0000000080000000, 0x0000000100000000)
  region size 1024K, 5 young (5120K), 5 survivors (5120K)
 Metaspace       used 73077K, committed 74880K, reserved 1114112K
  class space    used 9961K, committed 10880K, reserved 1048576K
}
Event: 261.970 GC heap before
{Heap before GC invocations=40 (full 0):
 garbage-first heap   total 183296K, used 91402K [0x0000000080000000, 0x0000000100000000)
  region size 1024K, 8 young (8192K), 5 survivors (5120K)
 Metaspace       used 73077K, committed 74880K, reserved 1114112K
  class space    used 9961K, committed 10880K, reserved 1048576K
}
Event: 262.003 GC heap after
{Heap after GC invocations=41 (full 0):
 garbage-first heap   total 183296K, used 88637K [0x0000000080000000, 0x0000000100000000)
  region size 1024K, 1 young (1024K), 1 survivors (1024K)
 Metaspace       used 73077K, committed 74880K, reserved 1114112K
  class space    used 9961K, committed 10880K, reserved 1048576K
}
Event: 262.466 GC heap before
{Heap before GC invocations=41 (full 0):
 garbage-first heap   total 183296K, used 94781K [0x0000000080000000, 0x0000000100000000)
  region size 1024K, 8 young (8192K), 1 survivors (1024K)
 Metaspace       used 73080K, committed 74944K, reserved 1114112K
  class space    used 9962K, committed 10880K, reserved 1048576K
}
Event: 262.480 GC heap after
{Heap after GC invocations=42 (full 0):
 garbage-first heap   total 183296K, used 90515K [0x0000000080000000, 0x0000000100000000)
  region size 1024K, 1 young (1024K), 1 survivors (1024K)
 Metaspace       used 73080K, committed 74944K, reserved 1114112K
  class space    used 9962K, committed 10880K, reserved 1048576K
}
Event: 271.529 GC heap before
{Heap before GC invocations=43 (full 0):
 garbage-first heap   total 183296K, used 96659K [0x0000000080000000, 0x0000000100000000)
  region size 1024K, 10 young (10240K), 1 survivors (1024K)
 Metaspace       used 73081K, committed 74944K, reserved 1114112K
  class space    used 9962K, committed 10880K, reserved 1048576K
}
Event: 278.153 GC heap after
{Heap after GC invocations=44 (full 0):
 garbage-first heap   total 183296K, used 87889K [0x0000000080000000, 0x0000000100000000)
  region size 1024K, 1 young (1024K), 1 survivors (1024K)
 Metaspace       used 73081K, committed 74944K, reserved 1114112K
  class space    used 9962K, committed 10880K, reserved 1048576K
}
Event: 291.976 GC heap before
{Heap before GC invocations=44 (full 0):
 garbage-first heap   total 183296K, used 94033K [0x0000000080000000, 0x0000000100000000)
  region size 1024K, 8 young (8192K), 1 survivors (1024K)
 Metaspace       used 73086K, committed 74944K, reserved 1114112K
  class space    used 9962K, committed 10880K, reserved 1048576K
}
Event: 291.994 GC heap after
{Heap after GC invocations=45 (full 0):
 garbage-first heap   total 183296K, used 88941K [0x0000000080000000, 0x0000000100000000)
  region size 1024K, 1 young (1024K), 1 survivors (1024K)
 Metaspace       used 73086K, committed 74944K, reserved 1114112K
  class space    used 9962K, committed 10880K, reserved 1048576K
}
Event: 292.072 GC heap before
{Heap before GC invocations=45 (full 0):
 garbage-first heap   total 183296K, used 95085K [0x0000000080000000, 0x0000000100000000)
  region size 1024K, 8 young (8192K), 1 survivors (1024K)
 Metaspace       used 73087K, committed 74944K, reserved 1114112K
  class space    used 9962K, committed 10880K, reserved 1048576K
}
Event: 292.091 GC heap after
{Heap after GC invocations=46 (full 0):
 garbage-first heap   total 183296K, used 90268K [0x0000000080000000, 0x0000000100000000)
  region size 1024K, 1 young (1024K), 1 survivors (1024K)
 Metaspace       used 73087K, committed 74944K, reserved 1114112K
  class space    used 9962K, committed 10880K, reserved 1048576K
}
Event: 292.177 GC heap before
{Heap before GC invocations=46 (full 0):
 garbage-first heap   total 183296K, used 97436K [0x0000000080000000, 0x0000000100000000)
  region size 1024K, 8 young (8192K), 1 survivors (1024K)
 Metaspace       used 73089K, committed 74944K, reserved 1114112K
  class space    used 9962K, committed 10880K, reserved 1048576K
}
Event: 292.205 GC heap after
{Heap after GC invocations=47 (full 0):
 garbage-first heap   total 183296K, used 92025K [0x0000000080000000, 0x0000000100000000)
  region size 1024K, 1 young (1024K), 1 survivors (1024K)
 Metaspace       used 73089K, committed 74944K, reserved 1114112K
  class space    used 9962K, committed 10880K, reserved 1048576K
}
Event: 292.443 GC heap before
{Heap before GC invocations=47 (full 0):
 garbage-first heap   total 183296K, used 99193K [0x0000000080000000, 0x0000000100000000)
  region size 1024K, 8 young (8192K), 1 survivors (1024K)
 Metaspace       used 73089K, committed 74944K, reserved 1114112K
  class space    used 9962K, committed 10880K, reserved 1048576K
}

