# JRE version: OpenJDK Runtime Environment (21.0.3) (build 21.0.3+-12282718-b509.11)
# Java VM: OpenJDK 64-Bit Server VM (21.0.3+-12282718-b509.11, mixed mode, tiered, compressed oops, compressed class ptrs, g1 gc, windows-amd64)
GC Precious Log:
 CardTable entry size: 512
 Card Set container configuration: InlinePtr #cards 5 size 8 Array Of Cards #cards 12 size 40 Howl #buckets 4 coarsen threshold 1843 Howl Bitmap #cards 512 size 80 coarsen threshold 460 Card regions per heap region 1 cards per card region 2048
 CPUs: 3 total, 3 available
 Memory: 5163M
 Large Page Support: Disabled
 NUMA Support: Disabled
 Compressed Oops: Enabled (32-bit)
 Heap Region Size: 1M
 Heap Min Capacity: 8M
 Heap Initial Capacity: 82M
 Heap Max Capacity: 2G
 Pre-touch: Disabled
 Parallel Workers: 3
 Concurrent Workers: 1
 Concurrent Refinement Workers: 3
 Periodic GC: Disabled
Heap:
 garbage-first heap   total 234496K, used 128801K [0x0000000080000000, 0x0000000100000000)
  region size 1024K, 1 young (1024K), 1 survivors (1024K)
 Metaspace       used 93993K, committed 96000K, reserved 1179648K
  class space    used 12641K, committed 13632K, reserved 1048576K
GC Heap History (20 events):
Event: 284.283 GC heap after
{Heap after GC invocations=39 (full 0):
 garbage-first heap   total 228352K, used 85941K [0x0000000080000000, 0x0000000100000000)
  region size 1024K, 3 young (3072K), 3 survivors (3072K)
 Metaspace       used 73027K, committed 74880K, reserved 1114112K
  class space    used 9949K, committed 10880K, reserved 1048576K
}
Event: 284.477 GC heap before
{Heap before GC invocations=39 (full 0):
 garbage-first heap   total 228352K, used 94133K [0x0000000080000000, 0x0000000100000000)
  region size 1024K, 11 young (11264K), 3 survivors (3072K)
 Metaspace       used 73028K, committed 74880K, reserved 1114112K
  class space    used 9949K, committed 10880K, reserved 1048576K
}
Event: 284.489 GC heap after
{Heap after GC invocations=40 (full 0):
 garbage-first heap   total 228352K, used 85670K [0x0000000080000000, 0x0000000100000000)
  region size 1024K, 2 young (2048K), 2 survivors (2048K)
 Metaspace       used 73028K, committed 74880K, reserved 1114112K
  class space    used 9949K, committed 10880K, reserved 1048576K
}
Event: 284.679 GC heap before
{Heap before GC invocations=40 (full 0):
 garbage-first heap   total 228352K, used 93862K [0x0000000080000000, 0x0000000100000000)
  region size 1024K, 11 young (11264K), 2 survivors (2048K)
 Metaspace       used 73029K, committed 74880K, reserved 1114112K
  class space    used 9949K, committed 10880K, reserved 1048576K
}
Event: 284.687 GC heap after
{Heap after GC invocations=41 (full 0):
 garbage-first heap   total 228352K, used 86208K [0x0000000080000000, 0x0000000100000000)
  region size 1024K, 2 young (2048K), 2 survivors (2048K)
 Metaspace       used 73029K, committed 74880K, reserved 1114112K
  class space    used 9949K, committed 10880K, reserved 1048576K
}
Event: 403.766 GC heap before
{Heap before GC invocations=41 (full 0):
 garbage-first heap   total 228352K, used 217280K [0x0000000080000000, 0x0000000100000000)
  region size 1024K, 116 young (118784K), 2 survivors (2048K)
 Metaspace       used 79971K, committed 81792K, reserved 1179648K
  class space    used 10788K, committed 11712K, reserved 1048576K
}
Event: 404.673 GC heap after
{Heap after GC invocations=42 (full 0):
 garbage-first heap   total 229376K, used 108380K [0x0000000080000000, 0x0000000100000000)
  region size 1024K, 10 young (10240K), 10 survivors (10240K)
 Metaspace       used 79971K, committed 81792K, reserved 1179648K
  class space    used 10788K, committed 11712K, reserved 1048576K
}
Event: 407.806 GC heap before
{Heap before GC invocations=42 (full 0):
 garbage-first heap   total 229376K, used 109404K [0x0000000080000000, 0x0000000100000000)
  region size 1024K, 11 young (11264K), 10 survivors (10240K)
 Metaspace       used 80040K, committed 81856K, reserved 1179648K
  class space    used 10799K, committed 11712K, reserved 1048576K
}
Event: 407.830 GC heap after
{Heap after GC invocations=43 (full 0):
 garbage-first heap   total 229376K, used 109284K [0x0000000080000000, 0x0000000100000000)
  region size 1024K, 1 young (1024K), 1 survivors (1024K)
 Metaspace       used 80040K, committed 81856K, reserved 1179648K
  class space    used 10799K, committed 11712K, reserved 1048576K
}
Event: 458.463 GC heap before
{Heap before GC invocations=43 (full 0):
 garbage-first heap   total 229376K, used 158436K [0x0000000080000000, 0x0000000100000000)
  region size 1024K, 45 young (46080K), 1 survivors (1024K)
 Metaspace       used 83781K, committed 85760K, reserved 1179648K
  class space    used 11324K, committed 12352K, reserved 1048576K
}
Event: 458.528 GC heap after
{Heap after GC invocations=44 (full 0):
 garbage-first heap   total 229376K, used 114431K [0x0000000080000000, 0x0000000100000000)
  region size 1024K, 5 young (5120K), 5 survivors (5120K)
 Metaspace       used 83781K, committed 85760K, reserved 1179648K
  class space    used 11324K, committed 12352K, reserved 1048576K
}
Event: 460.325 GC heap before
{Heap before GC invocations=44 (full 0):
 garbage-first heap   total 229376K, used 132863K [0x0000000080000000, 0x0000000100000000)
  region size 1024K, 23 young (23552K), 5 survivors (5120K)
 Metaspace       used 85144K, committed 87168K, reserved 1179648K
  class space    used 11506K, committed 12544K, reserved 1048576K
}
Event: 460.339 GC heap after
{Heap after GC invocations=45 (full 0):
 garbage-first heap   total 229376K, used 115860K [0x0000000080000000, 0x0000000100000000)
  region size 1024K, 2 young (2048K), 2 survivors (2048K)
 Metaspace       used 85144K, committed 87168K, reserved 1179648K
  class space    used 11506K, committed 12544K, reserved 1048576K
}
Event: 477.668 GC heap before
{Heap before GC invocations=45 (full 0):
 garbage-first heap   total 229376K, used 156820K [0x0000000080000000, 0x0000000100000000)
  region size 1024K, 44 young (45056K), 2 survivors (2048K)
 Metaspace       used 89225K, committed 91200K, reserved 1179648K
  class space    used 12033K, committed 12992K, reserved 1048576K
}
Event: 477.703 GC heap after
{Heap after GC invocations=46 (full 0):
 garbage-first heap   total 229376K, used 117413K [0x0000000080000000, 0x0000000100000000)
  region size 1024K, 3 young (3072K), 3 survivors (3072K)
 Metaspace       used 89225K, committed 91200K, reserved 1179648K
  class space    used 12033K, committed 12992K, reserved 1048576K
}
Event: 536.840 GC heap before
{Heap before GC invocations=46 (full 0):
 garbage-first heap   total 229376K, used 199333K [0x0000000080000000, 0x0000000100000000)
  region size 1024K, 79 young (80896K), 3 survivors (3072K)
 Metaspace       used 93693K, committed 95744K, reserved 1179648K
  class space    used 12603K, committed 13632K, reserved 1048576K
}
Event: 537.140 GC heap after
{Heap after GC invocations=47 (full 0):
 garbage-first heap   total 229376K, used 128677K [0x0000000080000000, 0x0000000100000000)
  region size 1024K, 10 young (10240K), 10 survivors (10240K)
 Metaspace       used 93693K, committed 95744K, reserved 1179648K
  class space    used 12603K, committed 13632K, reserved 1048576K
}
Event: 537.201 GC heap before
{Heap before GC invocations=47 (full 0):
 garbage-first heap   total 229376K, used 129701K [0x0000000080000000, 0x0000000100000000)
  region size 1024K, 11 young (11264K), 10 survivors (10240K)
 Metaspace       used 93693K, committed 95744K, reserved 1179648K
  class space    used 12603K, committed 13632K, reserved 1048576K
}
Event: 537.315 GC heap after
{Heap after GC invocations=48 (full 0):
 garbage-first heap   total 229376K, used 129254K [0x0000000080000000, 0x0000000100000000)
  region size 1024K, 1 young (1024K), 1 survivors (1024K)
 Metaspace       used 93693K, committed 95744K, reserved 1179648K
  class space    used 12603K, committed 13632K, reserved 1048576K
}
Event: 586.891 GC heap before
{Heap before GC invocations=49 (full 0):
 garbage-first heap   total 234496K, used 146662K [0x0000000080000000, 0x0000000100000000)
  region size 1024K, 19 young (19456K), 1 survivors (1024K)
 Metaspace       used 93993K, committed 96000K, reserved 1179648K
  class space    used 12641K, committed 13632K, reserved 1048576K
}

